app/build/intermediates/manifest_merge_blame_file/debug/processDebugMainManifest/manifest-merger-blame-debug-report.txt
1<?xml version="1.0" encoding="utf-8"?>
2<manifest xmlns:android="http://schemas.android.com/apk/res/android"
3    package="com.example.aiassistant"
4    android:versionCode="1"
5    android:versionName="1.0" >
6
7    <uses-sdk
8        android:minSdkVersion="26"
9        android:targetSdkVersion="34" />
10
11    <uses-permission android:name="android.permission.SYSTEM_ALERT_WINDOW" />
11-->src\main\AndroidManifest.xml:4:5-78
11-->src\main\AndroidManifest.xml:4:22-75
12    <uses-permission android:name="android.permission.FOREGROUND_SERVICE" />
12-->src\main\AndroidManifest.xml:5:5-77
12-->src\main\AndroidManifest.xml:5:22-74
13
14    <permission
14-->[androidx.core:core:1.12.0] AndroidManifest.xml:22:5-24:47
15        android:name="com.example.aiassistant.DYNAMIC_RECEIVER_NOT_EXPORTED_PERMISSION"
15-->[androidx.core:core:1.12.0] AndroidManifest.xml:23:9-81
16        android:protectionLevel="signature" />
16-->[androidx.core:core:1.12.0] AndroidManifest.xml:24:9-44
17
18    <uses-permission android:name="com.example.aiassistant.DYNAMIC_RECEIVER_NOT_EXPORTED_PERMISSION" />
18-->[androidx.core:core:1.12.0] AndroidManifest.xml:26:5-97
18-->[androidx.core:core:1.12.0] AndroidManifest.xml:26:22-94
19
20    <application
20-->src\main\AndroidManifest.xml:7:5-44:19
21        android:allowBackup="true"
21-->src\main\AndroidManifest.xml:8:9-35
22        android:appComponentFactory="androidx.core.app.CoreComponentFactory"
22-->[androidx.core:core:1.12.0] AndroidManifest.xml:28:18-86
23        android:debuggable="true"
24        android:extractNativeLibs="false"
25        android:label="@string/app_name"
25-->src\main\AndroidManifest.xml:9:9-41
26        android:supportsRtl="true"
26-->src\main\AndroidManifest.xml:10:9-35
27        android:testOnly="true" >
28        <activity
28-->src\main\AndroidManifest.xml:12:9-19:20
29            android:name="com.example.aiassistant.MainActivity"
29-->src\main\AndroidManifest.xml:13:13-41
30            android:exported="true" >
30-->src\main\AndroidManifest.xml:14:13-36
31            <intent-filter>
31-->src\main\AndroidManifest.xml:15:13-18:29
32                <action android:name="android.intent.action.MAIN" />
32-->src\main\AndroidManifest.xml:16:17-69
32-->src\main\AndroidManifest.xml:16:25-66
33
34                <category android:name="android.intent.category.LAUNCHER" />
34-->src\main\AndroidManifest.xml:17:17-77
34-->src\main\AndroidManifest.xml:17:27-74
35            </intent-filter>
36        </activity>
37        <activity android:name="com.example.aiassistant.RulesActivity" />
37-->src\main\AndroidManifest.xml:21:9-51
37-->src\main\AndroidManifest.xml:21:19-48
38        <activity android:name="com.example.aiassistant.LogActivity" />
38-->src\main\AndroidManifest.xml:22:9-49
38-->src\main\AndroidManifest.xml:22:19-46
39        <activity android:name="com.example.aiassistant.SafetyActivity" />
39-->src\main\AndroidManifest.xml:23:9-52
39-->src\main\AndroidManifest.xml:23:19-49
40
41        <service
41-->src\main\AndroidManifest.xml:25:9-28:58
42            android:name="com.example.aiassistant.OverlayService"
42-->src\main\AndroidManifest.xml:26:13-43
43            android:exported="false"
43-->src\main\AndroidManifest.xml:27:13-37
44            android:foregroundServiceType="specialUse" />
44-->src\main\AndroidManifest.xml:28:13-55
45        <service
45-->src\main\AndroidManifest.xml:30:9-42:19
46            android:name="com.example.aiassistant.AutoAccessibilityService"
46-->src\main\AndroidManifest.xml:31:13-53
47            android:exported="true"
47-->src\main\AndroidManifest.xml:33:13-36
48            android:permission="android.permission.BIND_ACCESSIBILITY_SERVICE" >
48-->src\main\AndroidManifest.xml:32:13-79
49            <intent-filter>
49-->src\main\AndroidManifest.xml:35:13-37:29
50                <action android:name="android.accessibilityservice.AccessibilityService" />
50-->src\main\AndroidManifest.xml:36:17-92
50-->src\main\AndroidManifest.xml:36:25-89
51            </intent-filter>
52
53            <meta-data
53-->src\main\AndroidManifest.xml:39:13-41:64
54                android:name="android.accessibilityservice"
54-->src\main\AndroidManifest.xml:40:17-60
55                android:resource="@xml/accessibility_config" />
55-->src\main\AndroidManifest.xml:41:17-61
56        </service>
57        <service
57-->[androidx.room:room-runtime:2.6.1] AndroidManifest.xml:24:9-28:63
58            android:name="androidx.room.MultiInstanceInvalidationService"
58-->[androidx.room:room-runtime:2.6.1] AndroidManifest.xml:25:13-74
59            android:directBootAware="true"
59-->[androidx.room:room-runtime:2.6.1] AndroidManifest.xml:26:13-43
60            android:exported="false" />
60-->[androidx.room:room-runtime:2.6.1] AndroidManifest.xml:27:13-37
61    </application>
62
63</manifest>